java-pro (2)/java-pro/app/build/intermediates/manifest_merge_blame_file/debug/processDebugMainManifest/manifest-merger-blame-debug-report.txt
1<?xml version="1.0" encoding="utf-8"?>
2<manifest xmlns:android="http://schemas.android.com/apk/res/android"
3    package="com.example.payroll"
4    android:versionCode="1"
5    android:versionName="1.0" >
6
7    <uses-sdk
8        android:minSdkVersion="21"
9        android:targetSdkVersion="33" />
10
11    <permission
11-->[androidx.core:core:1.9.0] AndroidManifest.xml:22:5-24:47
12        android:name="com.example.payroll.DYNAMIC_RECEIVER_NOT_EXPORTED_PERMISSION"
12-->[androidx.core:core:1.9.0] AndroidManifest.xml:23:9-81
13        android:protectionLevel="signature" />
13-->[androidx.core:core:1.9.0] AndroidManifest.xml:24:9-44
14
15    <uses-permission android:name="com.example.payroll.DYNAMIC_RECEIVER_NOT_EXPORTED_PERMISSION" />
15-->[androidx.core:core:1.9.0] AndroidManifest.xml:26:5-97
15-->[androidx.core:core:1.9.0] AndroidManifest.xml:26:22-94
16
17    <application
17-->src\main\AndroidManifest.xml:5:5-29:19
18        android:allowBackup="true"
18-->src\main\AndroidManifest.xml:6:9-35
19        android:appComponentFactory="androidx.core.app.CoreComponentFactory"
19-->[androidx.core:core:1.9.0] AndroidManifest.xml:28:18-86
20        android:debuggable="true"
21        android:extractNativeLibs="true"
22        android:label="@string/app_name"
22-->src\main\AndroidManifest.xml:7:9-41
23        android:supportsRtl="true"
23-->src\main\AndroidManifest.xml:8:9-35
24        android:testOnly="true"
25        android:theme="@style/AppTheme" >
25-->src\main\AndroidManifest.xml:9:9-40
26        <activity
26-->src\main\AndroidManifest.xml:11:9-17:20
27            android:name="com.example.payroll.SplashActivity"
27-->src\main\AndroidManifest.xml:11:19-49
28            android:exported="true" >
28-->src\main\AndroidManifest.xml:12:13-36
29            <intent-filter>
29-->src\main\AndroidManifest.xml:13:13-16:29
30                <action android:name="android.intent.action.MAIN" />
30-->src\main\AndroidManifest.xml:14:17-69
30-->src\main\AndroidManifest.xml:14:25-66
31
32                <category android:name="android.intent.category.LAUNCHER" />
32-->src\main\AndroidManifest.xml:15:17-77
32-->src\main\AndroidManifest.xml:15:27-74
33            </intent-filter>
34        </activity>
35        <activity android:name="com.example.payroll.MainActivity" />
35-->src\main\AndroidManifest.xml:19:9-50
35-->src\main\AndroidManifest.xml:19:19-47
36        <activity android:name="com.example.payroll.UserListActivity" />
36-->src\main\AndroidManifest.xml:20:9-54
36-->src\main\AndroidManifest.xml:20:19-51
37        <activity android:name="com.example.payroll.AdminDatabaseViewActivity" />
37-->src\main\AndroidManifest.xml:21:9-63
37-->src\main\AndroidManifest.xml:21:19-60
38        <activity android:name="com.example.payroll.ViewSalaryActivity" />
38-->src\main\AndroidManifest.xml:22:9-56
38-->src\main\AndroidManifest.xml:22:19-53
39        <activity android:name="com.example.payroll.AdminDashboardActivity" />
39-->src\main\AndroidManifest.xml:23:9-60
39-->src\main\AndroidManifest.xml:23:19-57
40        <activity android:name="com.example.payroll.LoginActivity" />
40-->src\main\AndroidManifest.xml:24:9-51
40-->src\main\AndroidManifest.xml:24:19-48
41        <activity android:name="com.example.payroll.RegisterActivity" />
41-->src\main\AndroidManifest.xml:25:9-54
41-->src\main\AndroidManifest.xml:25:19-51
42
43        <provider
43-->[androidx.emoji2:emoji2:1.2.0] AndroidManifest.xml:24:9-32:20
44            android:name="androidx.startup.InitializationProvider"
44-->[androidx.emoji2:emoji2:1.2.0] AndroidManifest.xml:25:13-67
45            android:authorities="com.example.payroll.androidx-startup"
45-->[androidx.emoji2:emoji2:1.2.0] AndroidManifest.xml:26:13-68
46            android:exported="false" >
46-->[androidx.emoji2:emoji2:1.2.0] AndroidManifest.xml:27:13-37
47            <meta-data
47-->[androidx.emoji2:emoji2:1.2.0] AndroidManifest.xml:29:13-31:52
48                android:name="androidx.emoji2.text.EmojiCompatInitializer"
48-->[androidx.emoji2:emoji2:1.2.0] AndroidManifest.xml:30:17-75
49                android:value="androidx.startup" />
49-->[androidx.emoji2:emoji2:1.2.0] AndroidManifest.xml:31:17-49
50            <meta-data
50-->[androidx.lifecycle:lifecycle-process:2.4.1] AndroidManifest.xml:31:13-33:52
51                android:name="androidx.lifecycle.ProcessLifecycleInitializer"
51-->[androidx.lifecycle:lifecycle-process:2.4.1] AndroidManifest.xml:32:17-78
52                android:value="androidx.startup" />
52-->[androidx.lifecycle:lifecycle-process:2.4.1] AndroidManifest.xml:33:17-49
53        </provider>
54    </application>
55
56</manifest>